<?xml version="1.0" encoding="UTF-8"?>
<testsuite xmlns:xsi="http://www.w3.org/2001/XMLSchema-instance" xsi:noNamespaceSchemaLocation="https://maven.apache.org/surefire/maven-surefire-plugin/xsd/surefire-test-report-3.0.xsd" version="3.0" name="me.pengu.event.EventBusTest" time="0.297" tests="3" errors="0" skipped="0" failures="0">
  <properties>
[...]
</properties>
  <testcase name="testRegisterAndUnregisterEvent" classname="me.pengu.event.EventBusTest" time="0.167"/>
  <testcase name="testCancellableEvents" classname="me.pengu.event.EventBusTest" time="0.002"/>
  <testcase name="testMethodSubscriber" classname="me.pengu.event.EventBusTest" time="0.006">
    <system-out><![CDATA[Nopublic java.lang.String java.lang.Object.toString()
Nopublic final native void java.lang.Object.notify()
Nopublic final void java.lang.Object.wait(long,int) throws java.lang.InterruptedException
Nopublic final native void java.lang.Object.wait(long) throws java.lang.InterruptedException
Nopublic final void java.lang.Object.wait() throws java.lang.InterruptedException
Yesprivate void me.pengu.event.EventBusTest$TestSubscriber.onTestEvent(me.pengu.event.EventBusTest$TestEvent)
Registering private void me.pengu.event.EventBusTest$TestSubscriber.onTestEvent(me.pengu.event.EventBusTest$TestEvent)
Ending registration private void me.pengu.event.EventBusTest$TestSubscriber.onTestEvent(me.pengu.event.EventBusTest$TestEvent)
Nopublic final native java.lang.Class java.lang.Object.getClass()
Nopublic native int java.lang.Object.hashCode()
Nopublic boolean java.lang.Object.equals(java.lang.Object)
Nopublic final native void java.lang.Object.notifyAll()
]]></system-out>
  </testcase>
</testsuite>