<?xml version="1.0" encoding="UTF-8"?>
<testsuite xmlns:xsi="http://www.w3.org/2001/XMLSchema-instance" xsi:noNamespaceSchemaLocation="https://maven.apache.org/surefire/maven-surefire-plugin/xsd/surefire-test-report-3.0.xsd" version="3.0" name="io.github.penguthepenguin.event.EventBusTest" time="0.149" tests="3" errors="0" skipped="0" failures="0">
  <properties>
[...]
</properties>
  <testcase name="testRegisterAndUnregisterEvent" classname="io.github.penguthepenguin.event.EventBusTest" time="0.116"/>
  <testcase name="testCancellableEvents" classname="io.github.penguthepenguin.event.EventBusTest" time="0.002"/>
  <testcase name="testMethodSubscriber" classname="io.github.penguthepenguin.event.EventBusTest" time="0.004"/>
</testsuite>